[debug] [2023-09-28T14:12:42.108Z] ----------------------------------------------------------------------
[debug] [2023-09-28T14:12:42.111Z] Command:       F:\Node\node.exe C:\Users\mahir\AppData\Roaming\npm\node_modules\firebase-tools\lib\bin\firebase.js init
[debug] [2023-09-28T14:12:42.113Z] CLI Version:   12.6.1
[debug] [2023-09-28T14:12:42.114Z] Platform:      win32
[debug] [2023-09-28T14:12:42.114Z] Node Version:  v18.17.1
[debug] [2023-09-28T14:12:42.116Z] Time:          Thu Sep 28 2023 20:12:42 GMT+0600 (Bangladesh Standard Time)
[debug] [2023-09-28T14:12:42.116Z] ----------------------------------------------------------------------
[debug] 
[debug] [2023-09-28T14:12:42.129Z] > command requires scopes: ["email","openid","https://www.googleapis.com/auth/cloudplatformprojects.readonly","https://www.googleapis.com/auth/firebase","https://www.googleapis.com/auth/cloud-platform"]
[debug] [2023-09-28T14:12:42.129Z] > authorizing via signed-in user (mahir.shadid@gmail.com)
[info] 
     ######## #### ########  ######## ########     ###     ######  ########
     ##        ##  ##     ## ##       ##     ##  ##   ##  ##       ##
     ######    ##  ########  ######   ########  #########  ######  ######
     ##        ##  ##    ##  ##       ##     ## ##     ##       ## ##
     ##       #### ##     ## ######## ########  ##     ##  ######  ########

You're about to initialize a Firebase project in this directory:

  F:\FRONTEND\shortly

[info] 
=== Project Setup
[info] 
[info] First, let's associate this project directory with a Firebase project.
[info] You can create multiple project aliases by running firebase use --add, 
[info] but for now we'll just set up a default project.
[info] 
[debug] [2023-09-28T14:13:42.403Z] >>> [apiv2][query] GET https://firebase.googleapis.com/v1beta1/projects pageSize=100
[debug] [2023-09-28T14:13:43.434Z] <<< [apiv2][status] GET https://firebase.googleapis.com/v1beta1/projects 200
[debug] [2023-09-28T14:13:43.434Z] <<< [apiv2][body] GET https://firebase.googleapis.com/v1beta1/projects [omitted]
[info] i  Using project shortlybymahir (Shortlybymahir) 
[info] 
=== Hosting Setup
[info] 
[info] Your public directory is the folder (relative to your project directory) that
[info] will contain Hosting assets to be uploaded with firebase deploy. If you
[info] have a build process for your assets, use your build's output directory.
[info] 
[debug] [2023-09-28T14:14:23.965Z] ----------------------------------------------------------------------
[debug] [2023-09-28T14:14:23.967Z] Command:       F:\Node\node.exe C:\Users\mahir\AppData\Roaming\npm\node_modules\firebase-tools\lib\bin\firebase.js init
[debug] [2023-09-28T14:14:23.968Z] CLI Version:   12.6.1
[debug] [2023-09-28T14:14:23.968Z] Platform:      win32
[debug] [2023-09-28T14:14:23.969Z] Node Version:  v18.17.1
[debug] [2023-09-28T14:14:23.970Z] Time:          Thu Sep 28 2023 20:14:23 GMT+0600 (Bangladesh Standard Time)
[debug] [2023-09-28T14:14:23.970Z] ----------------------------------------------------------------------
[debug] 
[debug] [2023-09-28T14:14:23.980Z] > command requires scopes: ["email","openid","https://www.googleapis.com/auth/cloudplatformprojects.readonly","https://www.googleapis.com/auth/firebase","https://www.googleapis.com/auth/cloud-platform"]
[debug] [2023-09-28T14:14:23.981Z] > authorizing via signed-in user (mahir.shadid@gmail.com)
[info] 
     ######## #### ########  ######## ########     ###     ######  ########
     ##        ##  ##     ## ##       ##     ##  ##   ##  ##       ##
     ######    ##  ########  ######   ########  #########  ######  ######
     ##        ##  ##    ##  ##       ##     ## ##     ##       ## ##
     ##       #### ##     ## ######## ########  ##     ##  ######  ########

You're about to initialize a Firebase project in this directory:

  F:\FRONTEND\shortly

[info] 
=== Project Setup
[info] 
[info] First, let's associate this project directory with a Firebase project.
[info] You can create multiple project aliases by running firebase use --add, 
[info] but for now we'll just set up a default project.
[info] 
[debug] [2023-09-28T14:14:31.372Z] >>> [apiv2][query] GET https://firebase.googleapis.com/v1beta1/projects pageSize=100
[debug] [2023-09-28T14:14:32.392Z] <<< [apiv2][status] GET https://firebase.googleapis.com/v1beta1/projects 200
[debug] [2023-09-28T14:14:32.392Z] <<< [apiv2][body] GET https://firebase.googleapis.com/v1beta1/projects [omitted]
[info] i  Using project shortlybymahir (Shortlybymahir) 
[info] 
=== Hosting Setup
[info] 
[info] Your public directory is the folder (relative to your project directory) that
[info] will contain Hosting assets to be uploaded with firebase deploy. If you
[info] have a build process for your assets, use your build's output directory.
[info] 
